<?xml version="1.0" encoding="UTF-8"?>
<!-- Generated by org.testng.reporters.JUnitXMLReporter -->
<testsuite ignored="0" hostname="DESKTOP-QT9BPKR" failures="1" tests="1" name="Test2" time="88.596" errors="0" timestamp="2023-09-01T11:21:31 IST">
  <testcase classname="testng_distribution.Testng_CrossBrowser" name="crossBrowser" time="88.551">
    <failure type="org.openqa.selenium.SessionNotCreatedException" message="session not created: This version of ChromeDriver only supports Chrome version 114
Current browser version is 116.0.5845.140 with binary path C:\Program Files\Google\Chrome\Application\chrome.exe
Build info: version: &amp;apos;3.141.59&amp;apos;, revision: &amp;apos;e82be7d358&amp;apos;, time: &amp;apos;2018-11-14T08:25:48&amp;apos;
System info: host: &amp;apos;DESKTOP-QT9BPKR&amp;apos;, ip: &amp;apos;192.168.43.55&amp;apos;, os.name: &amp;apos;Windows 11&amp;apos;, os.arch: &amp;apos;amd64&amp;apos;, os.version: &amp;apos;10.0&amp;apos;, java.version: &amp;apos;19.0.2&amp;apos;
Driver info: driver.version: ChromeDriver
remote stacktrace: Backtrace:
	GetHandleVerifier [0x00E2A813+48355]
	(No symbol) [0x00DBC4B1]
	(No symbol) [0x00CC5358]
	(No symbol) [0x00CE61AC]
	(No symbol) [0x00CE1EF3]
	(No symbol) [0x00CE0579]
	(No symbol) [0x00D10C55]
	(No symbol) [0x00D1093C]
	(No symbol) [0x00D0A536]
	(No symbol) [0x00CE82DC]
	(No symbol) [0x00CE93DD]
	GetHandleVerifier [0x0108AABD+2539405]
	GetHandleVerifier [0x010CA78F+2800735]
	GetHandleVerifier [0x010C456C+2775612]
	GetHandleVerifier [0x00EB51E0+616112]
	(No symbol) [0x00DC5F8C]
	(No symbol) [0x00DC2328]
	(No symbol) [0x00DC240B]
	(No symbol) [0x00DB4FF7]
	BaseThreadInitThunk [0x75C06BD9+25]
	RtlGetFullPathName_UEx [0x77C88FD2+1218]
	RtlGetFullPathName_UEx [0x77C88F9D+1165]
">
      <![CDATA[org.openqa.selenium.SessionNotCreatedException: session not created: This version of ChromeDriver only supports Chrome version 114
Current browser version is 116.0.5845.140 with binary path C:\Program Files\Google\Chrome\Application\chrome.exe
Build info: version: '3.141.59', revision: 'e82be7d358', time: '2018-11-14T08:25:48'
System info: host: 'DESKTOP-QT9BPKR', ip: '192.168.43.55', os.name: 'Windows 11', os.arch: 'amd64', os.version: '10.0', java.version: '19.0.2'
Driver info: driver.version: ChromeDriver
remote stacktrace: Backtrace:
GetHandleVerifier [0x00E2A813+48355]
(No symbol) [0x00DBC4B1]
(No symbol) [0x00CC5358]
(No symbol) [0x00CE61AC]
(No symbol) [0x00CE1EF3]
(No symbol) [0x00CE0579]
(No symbol) [0x00D10C55]
(No symbol) [0x00D1093C]
(No symbol) [0x00D0A536]
(No symbol) [0x00CE82DC]
(No symbol) [0x00CE93DD]
GetHandleVerifier [0x0108AABD+2539405]
GetHandleVerifier [0x010CA78F+2800735]
GetHandleVerifier [0x010C456C+2775612]
GetHandleVerifier [0x00EB51E0+616112]
(No symbol) [0x00DC5F8C]
(No symbol) [0x00DC2328]
(No symbol) [0x00DC240B]
(No symbol) [0x00DB4FF7]
BaseThreadInitThunk [0x75C06BD9+25]
RtlGetFullPathName_UEx [0x77C88FD2+1218]
RtlGetFullPathName_UEx [0x77C88F9D+1165]

at org.openqa.selenium.remote.W3CHandshakeResponse.lambda$errorHandler$0(W3CHandshakeResponse.java:62)
at org.openqa.selenium.remote.HandshakeResponse.lambda$getResponseFunction$0(HandshakeResponse.java:30)
at org.openqa.selenium.remote.ProtocolHandshake.lambda$createSession$0(ProtocolHandshake.java:126)
at java.base/java.util.stream.ReferencePipeline$3$1.accept(ReferencePipeline.java:197)
at java.base/java.util.Spliterators$ArraySpliterator.tryAdvance(Spliterators.java:1016)
at java.base/java.util.stream.ReferencePipeline.forEachWithCancel(ReferencePipeline.java:129)
at java.base/java.util.stream.AbstractPipeline.copyIntoWithCancel(AbstractPipeline.java:527)
at java.base/java.util.stream.AbstractPipeline.copyInto(AbstractPipeline.java:513)
at java.base/java.util.stream.AbstractPipeline.wrapAndCopyInto(AbstractPipeline.java:499)
at java.base/java.util.stream.FindOps$FindOp.evaluateSequential(FindOps.java:150)
at java.base/java.util.stream.AbstractPipeline.evaluate(AbstractPipeline.java:234)
at java.base/java.util.stream.ReferencePipeline.findFirst(ReferencePipeline.java:647)
at org.openqa.selenium.remote.ProtocolHandshake.createSession(ProtocolHandshake.java:128)
at org.openqa.selenium.remote.ProtocolHandshake.createSession(ProtocolHandshake.java:74)
at org.openqa.selenium.remote.HttpCommandExecutor.execute(HttpCommandExecutor.java:136)
at org.openqa.selenium.remote.service.DriverCommandExecutor.execute(DriverCommandExecutor.java:83)
at org.openqa.selenium.remote.RemoteWebDriver.execute(RemoteWebDriver.java:552)
at org.openqa.selenium.remote.RemoteWebDriver.startSession(RemoteWebDriver.java:213)
at org.openqa.selenium.remote.RemoteWebDriver.<init>(RemoteWebDriver.java:131)
at org.openqa.selenium.chrome.ChromeDriver.<init>(ChromeDriver.java:181)
at org.openqa.selenium.chrome.ChromeDriver.<init>(ChromeDriver.java:168)
at org.openqa.selenium.chrome.ChromeDriver.<init>(ChromeDriver.java:123)
at testng_distribution.Testng_CrossBrowser.crossBrowser(Testng_CrossBrowser.java:33)
at java.base/java.util.ArrayList.forEach(ArrayList.java:1511)
at java.base/java.util.concurrent.FutureTask.run(FutureTask.java:317)
at java.base/java.util.concurrent.ThreadPoolExecutor.runWorker(ThreadPoolExecutor.java:1144)
at java.base/java.util.concurrent.ThreadPoolExecutor$Worker.run(ThreadPoolExecutor.java:642)
at java.base/java.lang.Thread.run(Thread.java:1589)
... Removed 18 stack frames]]>
    </failure>
  </testcase> <!-- crossBrowser -->
</testsuite> <!-- Test2 -->
