<?xml version="1.0" encoding="UTF-8"?>
<!-- Generated by org.testng.reporters.JUnitReportReporter -->
<testsuite hostname="DESKTOP-QT9BPKR" failures="0" tests="2" name="testng_distribution.Testng_CrossBrowser" time="97.392" errors="1" timestamp="2023-09-01T11:21:31 IST" skipped="0">
  <testcase classname="testng_distribution.Testng_CrossBrowser" name="crossBrowser" time="88.551">
    <error message="session not created: This version of ChromeDriver only supports Chrome version 114
Current browser version is 116.0.5845.140 with binary path C:\Program Files\Google\Chrome\Application\chrome.exe
Build info: version: &#039;3.141.59&#039;, revision: &#039;e82be7d358&#039;, time: &#039;2018-11-14T08:25:48&#039;
System info: host: &#039;DESKTOP-QT9BPKR&#039;, ip: &#039;192.168.43.55&#039;, os.name: &#039;Windows 11&#039;, os.arch: &#039;amd64&#039;, os.version: &#039;10.0&#039;, java.version: &#039;19.0.2&#039;
Driver info: driver.version: ChromeDriver
remote stacktrace: Backtrace:
	GetHandleVerifier [0x00E2A813+48355]
	(No symbol) [0x00DBC4B1]
	(No symbol) [0x00CC5358]
	(No symbol) [0x00CE61AC]
	(No symbol) [0x00CE1EF3]
	(No symbol) [0x00CE0579]
	(No symbol) [0x00D10C55]
	(No symbol) [0x00D1093C]
	(No symbol) [0x00D0A536]
	(No symbol) [0x00CE82DC]
	(No symbol) [0x00CE93DD]
	GetHandleVerifier [0x0108AABD+2539405]
	GetHandleVerifier [0x010CA78F+2800735]
	GetHandleVerifier [0x010C456C+2775612]
	GetHandleVerifier [0x00EB51E0+616112]
	(No symbol) [0x00DC5F8C]
	(No symbol) [0x00DC2328]
	(No symbol) [0x00DC240B]
	(No symbol) [0x00DB4FF7]
	BaseThreadInitThunk [0x75C06BD9+25]
	RtlGetFullPathName_UEx [0x77C88FD2+1218]
	RtlGetFullPathName_UEx [0x77C88F9D+1165]
" type="org.openqa.selenium.SessionNotCreatedException">
      <![CDATA[org.openqa.selenium.SessionNotCreatedException: session not created: This version of ChromeDriver only supports Chrome version 114
Current browser version is 116.0.5845.140 with binary path C:\Program Files\Google\Chrome\Application\chrome.exe
Build info: version: '3.141.59', revision: 'e82be7d358', time: '2018-11-14T08:25:48'
System info: host: 'DESKTOP-QT9BPKR', ip: '192.168.43.55', os.name: 'Windows 11', os.arch: 'amd64', os.version: '10.0', java.version: '19.0.2'
Driver info: driver.version: ChromeDriver
remote stacktrace: Backtrace:
GetHandleVerifier [0x00E2A813+48355]
(No symbol) [0x00DBC4B1]
(No symbol) [0x00CC5358]
(No symbol) [0x00CE61AC]
(No symbol) [0x00CE1EF3]
(No symbol) [0x00CE0579]
(No symbol) [0x00D10C55]
(No symbol) [0x00D1093C]
(No symbol) [0x00D0A536]
(No symbol) [0x00CE82DC]
(No symbol) [0x00CE93DD]
GetHandleVerifier [0x0108AABD+2539405]
GetHandleVerifier [0x010CA78F+2800735]
GetHandleVerifier [0x010C456C+2775612]
GetHandleVerifier [0x00EB51E0+616112]
(No symbol) [0x00DC5F8C]
(No symbol) [0x00DC2328]
(No symbol) [0x00DC240B]
(No symbol) [0x00DB4FF7]
BaseThreadInitThunk [0x75C06BD9+25]
RtlGetFullPathName_UEx [0x77C88FD2+1218]
RtlGetFullPathName_UEx [0x77C88F9D+1165]

at java.base/jdk.internal.reflect.DirectConstructorHandleAccessor.newInstance(DirectConstructorHandleAccessor.java:67)
at java.base/java.lang.reflect.Constructor.newInstanceWithCaller(Constructor.java:500)
at java.base/java.lang.reflect.Constructor.newInstance(Constructor.java:484)
at org.openqa.selenium.remote.W3CHandshakeResponse.lambda$errorHandler$0(W3CHandshakeResponse.java:62)
at org.openqa.selenium.remote.HandshakeResponse.lambda$getResponseFunction$0(HandshakeResponse.java:30)
at org.openqa.selenium.remote.ProtocolHandshake.lambda$createSession$0(ProtocolHandshake.java:126)
at java.base/java.util.stream.ReferencePipeline$3$1.accept(ReferencePipeline.java:197)
at java.base/java.util.Spliterators$ArraySpliterator.tryAdvance(Spliterators.java:1016)
at java.base/java.util.stream.ReferencePipeline.forEachWithCancel(ReferencePipeline.java:129)
at java.base/java.util.stream.AbstractPipeline.copyIntoWithCancel(AbstractPipeline.java:527)
at java.base/java.util.stream.AbstractPipeline.copyInto(AbstractPipeline.java:513)
at java.base/java.util.stream.AbstractPipeline.wrapAndCopyInto(AbstractPipeline.java:499)
at java.base/java.util.stream.FindOps$FindOp.evaluateSequential(FindOps.java:150)
at java.base/java.util.stream.AbstractPipeline.evaluate(AbstractPipeline.java:234)
at java.base/java.util.stream.ReferencePipeline.findFirst(ReferencePipeline.java:647)
at org.openqa.selenium.remote.ProtocolHandshake.createSession(ProtocolHandshake.java:128)
at org.openqa.selenium.remote.ProtocolHandshake.createSession(ProtocolHandshake.java:74)
at org.openqa.selenium.remote.HttpCommandExecutor.execute(HttpCommandExecutor.java:136)
at org.openqa.selenium.remote.service.DriverCommandExecutor.execute(DriverCommandExecutor.java:83)
at org.openqa.selenium.remote.RemoteWebDriver.execute(RemoteWebDriver.java:552)
at org.openqa.selenium.remote.RemoteWebDriver.startSession(RemoteWebDriver.java:213)
at org.openqa.selenium.remote.RemoteWebDriver.<init>(RemoteWebDriver.java:131)
at org.openqa.selenium.chrome.ChromeDriver.<init>(ChromeDriver.java:181)
at org.openqa.selenium.chrome.ChromeDriver.<init>(ChromeDriver.java:168)
at org.openqa.selenium.chrome.ChromeDriver.<init>(ChromeDriver.java:123)
at testng_distribution.Testng_CrossBrowser.crossBrowser(Testng_CrossBrowser.java:33)
at java.base/jdk.internal.reflect.DirectMethodHandleAccessor.invoke(DirectMethodHandleAccessor.java:104)
at java.base/java.lang.reflect.Method.invoke(Method.java:578)
at org.testng.internal.invokers.MethodInvocationHelper.invokeMethod(MethodInvocationHelper.java:139)
at org.testng.internal.invokers.TestInvoker.invokeMethod(TestInvoker.java:677)
at org.testng.internal.invokers.TestInvoker.invokeTestMethod(TestInvoker.java:221)
at org.testng.internal.invokers.MethodRunner.runInSequence(MethodRunner.java:50)
at org.testng.internal.invokers.TestInvoker$MethodInvocationAgent.invoke(TestInvoker.java:969)
at org.testng.internal.invokers.TestInvoker.invokeTestMethods(TestInvoker.java:194)
at org.testng.internal.invokers.TestMethodWorker.invokeTestMethods(TestMethodWorker.java:148)
at org.testng.internal.invokers.TestMethodWorker.run(TestMethodWorker.java:128)
at java.base/java.util.ArrayList.forEach(ArrayList.java:1511)
at org.testng.TestRunner.privateRun(TestRunner.java:829)
at org.testng.TestRunner.run(TestRunner.java:602)
at org.testng.SuiteRunner.runTest(SuiteRunner.java:437)
at org.testng.SuiteRunner$SuiteWorker.run(SuiteRunner.java:475)
at org.testng.internal.thread.ThreadUtil.lambda$execute$0(ThreadUtil.java:58)
at java.base/java.util.concurrent.FutureTask.run(FutureTask.java:317)
at java.base/java.util.concurrent.ThreadPoolExecutor.runWorker(ThreadPoolExecutor.java:1144)
at java.base/java.util.concurrent.ThreadPoolExecutor$Worker.run(ThreadPoolExecutor.java:642)
at java.base/java.lang.Thread.run(Thread.java:1589)
]]>
    </error>
  </testcase> <!-- crossBrowser -->
  <system-out/>
  <testcase classname="testng_distribution.Testng_CrossBrowser" name="crossBrowser" time="8.841"/>
  <system-out/>
</testsuite> <!-- testng_distribution.Testng_CrossBrowser -->
